\BOOKMARK [0][-]{chapter.1}{\376\377\0001\000\040\000R\000E\000A\000D\000M\000E}{}% 1
\BOOKMARK [0][-]{chapter.2}{\376\377\0002\000\040\000C\000l\000a\000s\000s\000\040\000I\000n\000d\000e\000x}{}% 2
\BOOKMARK [1][-]{section.2.1}{\376\377\0002\000.\0001\000\040\000C\000l\000a\000s\000s\000\040\000L\000i\000s\000t}{chapter.2}% 3
\BOOKMARK [0][-]{chapter.3}{\376\377\0003\000\040\000F\000i\000l\000e\000\040\000I\000n\000d\000e\000x}{}% 4
\BOOKMARK [1][-]{section.3.1}{\376\377\0003\000.\0001\000\040\000F\000i\000l\000e\000\040\000L\000i\000s\000t}{chapter.3}% 5
\BOOKMARK [0][-]{chapter.4}{\376\377\0004\000\040\000C\000l\000a\000s\000s\000\040\000D\000o\000c\000u\000m\000e\000n\000t\000a\000t\000i\000o\000n}{}% 6
\BOOKMARK [1][-]{section.4.1}{\376\377\0004\000.\0001\000\040\000h\000u\000f\000f\000m\000a\000n\000\137\000n\000o\000d\000e\000\040\000S\000t\000r\000u\000c\000t\000\040\000R\000e\000f\000e\000r\000e\000n\000c\000e}{chapter.4}% 7
\BOOKMARK [2][-]{subsection.4.1.1}{\376\377\0004\000.\0001\000.\0001\000\040\000D\000e\000t\000a\000i\000l\000e\000d\000\040\000D\000e\000s\000c\000r\000i\000p\000t\000i\000o\000n}{section.4.1}% 8
\BOOKMARK [2][-]{subsection.4.1.2}{\376\377\0004\000.\0001\000.\0002\000\040\000M\000e\000m\000b\000e\000r\000\040\000D\000a\000t\000a\000\040\000D\000o\000c\000u\000m\000e\000n\000t\000a\000t\000i\000o\000n}{section.4.1}% 9
\BOOKMARK [3][-]{subsubsection.4.1.2.1}{\376\377\0004\000.\0001\000.\0002\000.\0001\000\040\000f\000r\000e\000q\000u\000e\000n\000c\000y}{subsection.4.1.2}% 10
\BOOKMARK [3][-]{subsubsection.4.1.2.2}{\376\377\0004\000.\0001\000.\0002\000.\0002\000\040\000r\000i\000g\000h\000t}{subsection.4.1.2}% 11
\BOOKMARK [3][-]{subsubsection.4.1.2.3}{\376\377\0004\000.\0001\000.\0002\000.\0003\000\040\000s\000y\000m\000b\000o\000l}{subsection.4.1.2}% 12
\BOOKMARK [0][-]{chapter.5}{\376\377\0005\000\040\000F\000i\000l\000e\000\040\000D\000o\000c\000u\000m\000e\000n\000t\000a\000t\000i\000o\000n}{}% 13
\BOOKMARK [1][-]{section.5.1}{\376\377\0005\000.\0001\000\040\000a\000r\000g\000s\000\137\000h\000a\000n\000d\000l\000e\000r\000.\000c\000p\000p\000\040\000F\000i\000l\000e\000\040\000R\000e\000f\000e\000r\000e\000n\000c\000e}{chapter.5}% 14
\BOOKMARK [2][-]{subsection.5.1.1}{\376\377\0005\000.\0001\000.\0001\000\040\000D\000e\000t\000a\000i\000l\000e\000d\000\040\000D\000e\000s\000c\000r\000i\000p\000t\000i\000o\000n}{section.5.1}% 15
\BOOKMARK [2][-]{subsection.5.1.2}{\376\377\0005\000.\0001\000.\0002\000\040\000F\000u\000n\000c\000t\000i\000o\000n\000\040\000D\000o\000c\000u\000m\000e\000n\000t\000a\000t\000i\000o\000n}{section.5.1}% 16
\BOOKMARK [3][-]{subsubsection.5.1.2.1}{\376\377\0005\000.\0001\000.\0002\000.\0001\000\040\000a\000r\000g\000u\000m\000e\000n\000t\000s\000\137\000h\000a\000n\000d\000l\000e\000r\000\050\000\051}{subsection.5.1.2}% 17
\BOOKMARK [3][-]{subsubsection.5.1.2.2}{\376\377\0005\000.\0001\000.\0002\000.\0002\000\040\000c\000h\000e\000c\000k\000\137\000a\000r\000g\000\050\000\051}{subsection.5.1.2}% 18
\BOOKMARK [3][-]{subsubsection.5.1.2.3}{\376\377\0005\000.\0001\000.\0002\000.\0003\000\040\000p\000u\000s\000h\000\137\000i\000n\000t\000o\000\137\000e\000r\000r\000o\000r\000\137\000b\000u\000f\000f\000e\000r\000\050\000\051}{subsection.5.1.2}% 19
\BOOKMARK [2][-]{subsection.5.1.3}{\376\377\0005\000.\0001\000.\0003\000\040\000V\000a\000r\000i\000a\000b\000l\000e\000\040\000D\000o\000c\000u\000m\000e\000n\000t\000a\000t\000i\000o\000n}{section.5.1}% 20
\BOOKMARK [3][-]{subsubsection.5.1.3.1}{\376\377\0005\000.\0001\000.\0003\000.\0001\000\040\000e\000r\000r\000o\000r\000\137\000m\000e\000s\000s\000a\000g\000e\000s}{subsection.5.1.3}% 21
\BOOKMARK [1][-]{section.5.2}{\376\377\0005\000.\0002\000\040\000a\000r\000g\000s\000\137\000h\000a\000n\000d\000l\000e\000r\000.\000h\000\040\000F\000i\000l\000e\000\040\000R\000e\000f\000e\000r\000e\000n\000c\000e}{chapter.5}% 22
\BOOKMARK [2][-]{subsection.5.2.1}{\376\377\0005\000.\0002\000.\0001\000\040\000D\000e\000t\000a\000i\000l\000e\000d\000\040\000D\000e\000s\000c\000r\000i\000p\000t\000i\000o\000n}{section.5.2}% 23
\BOOKMARK [2][-]{subsection.5.2.2}{\376\377\0005\000.\0002\000.\0002\000\040\000F\000u\000n\000c\000t\000i\000o\000n\000\040\000D\000o\000c\000u\000m\000e\000n\000t\000a\000t\000i\000o\000n}{section.5.2}% 24
\BOOKMARK [3][-]{subsubsection.5.2.2.1}{\376\377\0005\000.\0002\000.\0002\000.\0001\000\040\000a\000r\000g\000u\000m\000e\000n\000t\000s\000\137\000h\000a\000n\000d\000l\000e\000r\000\050\000\051}{subsection.5.2.2}% 25
\BOOKMARK [3][-]{subsubsection.5.2.2.2}{\376\377\0005\000.\0002\000.\0002\000.\0002\000\040\000c\000h\000e\000c\000k\000\137\000a\000r\000g\000\050\000\051}{subsection.5.2.2}% 26
\BOOKMARK [3][-]{subsubsection.5.2.2.3}{\376\377\0005\000.\0002\000.\0002\000.\0003\000\040\000p\000u\000s\000h\000\137\000i\000n\000t\000o\000\137\000e\000r\000r\000o\000r\000\137\000b\000u\000f\000f\000e\000r\000\050\000\051}{subsection.5.2.2}% 27
\BOOKMARK [1][-]{section.5.3}{\376\377\0005\000.\0003\000\040\000a\000r\000g\000s\000\137\000h\000a\000n\000d\000l\000e\000r\000.\000h}{chapter.5}% 28
\BOOKMARK [1][-]{section.5.4}{\376\377\0005\000.\0004\000\040\000e\000r\000r\000o\000r\000\137\000h\000a\000n\000d\000l\000e\000r\000.\000c\000p\000p\000\040\000F\000i\000l\000e\000\040\000R\000e\000f\000e\000r\000e\000n\000c\000e}{chapter.5}% 29
\BOOKMARK [2][-]{subsection.5.4.1}{\376\377\0005\000.\0004\000.\0001\000\040\000D\000e\000t\000a\000i\000l\000e\000d\000\040\000D\000e\000s\000c\000r\000i\000p\000t\000i\000o\000n}{section.5.4}% 30
\BOOKMARK [2][-]{subsection.5.4.2}{\376\377\0005\000.\0004\000.\0002\000\040\000F\000u\000n\000c\000t\000i\000o\000n\000\040\000D\000o\000c\000u\000m\000e\000n\000t\000a\000t\000i\000o\000n}{section.5.4}% 31
\BOOKMARK [3][-]{subsubsection.5.4.2.1}{\376\377\0005\000.\0004\000.\0002\000.\0001\000\040\000e\000r\000r\000o\000r\000\137\000h\000a\000n\000d\000l\000e\000r\000\050\000\051}{subsection.5.4.2}% 32
\BOOKMARK [1][-]{section.5.5}{\376\377\0005\000.\0005\000\040\000e\000r\000r\000o\000r\000\137\000h\000a\000n\000d\000l\000e\000r\000.\000h\000\040\000F\000i\000l\000e\000\040\000R\000e\000f\000e\000r\000e\000n\000c\000e}{chapter.5}% 33
\BOOKMARK [2][-]{subsection.5.5.1}{\376\377\0005\000.\0005\000.\0001\000\040\000D\000e\000t\000a\000i\000l\000e\000d\000\040\000D\000e\000s\000c\000r\000i\000p\000t\000i\000o\000n}{section.5.5}% 34
\BOOKMARK [2][-]{subsection.5.5.2}{\376\377\0005\000.\0005\000.\0002\000\040\000F\000u\000n\000c\000t\000i\000o\000n\000\040\000D\000o\000c\000u\000m\000e\000n\000t\000a\000t\000i\000o\000n}{section.5.5}% 35
\BOOKMARK [3][-]{subsubsection.5.5.2.1}{\376\377\0005\000.\0005\000.\0002\000.\0001\000\040\000e\000r\000r\000o\000r\000\137\000h\000a\000n\000d\000l\000e\000r\000\050\000\051}{subsection.5.5.2}% 36
\BOOKMARK [1][-]{section.5.6}{\376\377\0005\000.\0006\000\040\000e\000r\000r\000o\000r\000\137\000h\000a\000n\000d\000l\000e\000r\000.\000h}{chapter.5}% 37
\BOOKMARK [1][-]{section.5.7}{\376\377\0005\000.\0007\000\040\000f\000i\000l\000e\000\137\000h\000a\000n\000d\000l\000e\000r\000.\000c\000p\000p\000\040\000F\000i\000l\000e\000\040\000R\000e\000f\000e\000r\000e\000n\000c\000e}{chapter.5}% 38
\BOOKMARK [2][-]{subsection.5.7.1}{\376\377\0005\000.\0007\000.\0001\000\040\000D\000e\000t\000a\000i\000l\000e\000d\000\040\000D\000e\000s\000c\000r\000i\000p\000t\000i\000o\000n}{section.5.7}% 39
\BOOKMARK [2][-]{subsection.5.7.2}{\376\377\0005\000.\0007\000.\0002\000\040\000F\000u\000n\000c\000t\000i\000o\000n\000\040\000D\000o\000c\000u\000m\000e\000n\000t\000a\000t\000i\000o\000n}{section.5.7}% 40
\BOOKMARK [3][-]{subsubsection.5.7.2.1}{\376\377\0005\000.\0007\000.\0002\000.\0001\000\040\000r\000e\000a\000d\000\137\000f\000i\000l\000e\000\050\000\051}{subsection.5.7.2}% 41
\BOOKMARK [3][-]{subsubsection.5.7.2.2}{\376\377\0005\000.\0007\000.\0002\000.\0002\000\040\000w\000r\000i\000t\000e\000\137\000f\000i\000l\000e\000\050\000\051}{subsection.5.7.2}% 42
\BOOKMARK [1][-]{section.5.8}{\376\377\0005\000.\0008\000\040\000f\000i\000l\000e\000\137\000h\000a\000n\000d\000l\000e\000r\000.\000h\000\040\000F\000i\000l\000e\000\040\000R\000e\000f\000e\000r\000e\000n\000c\000e}{chapter.5}% 43
\BOOKMARK [2][-]{subsection.5.8.1}{\376\377\0005\000.\0008\000.\0001\000\040\000D\000e\000t\000a\000i\000l\000e\000d\000\040\000D\000e\000s\000c\000r\000i\000p\000t\000i\000o\000n}{section.5.8}% 44
\BOOKMARK [2][-]{subsection.5.8.2}{\376\377\0005\000.\0008\000.\0002\000\040\000F\000u\000n\000c\000t\000i\000o\000n\000\040\000D\000o\000c\000u\000m\000e\000n\000t\000a\000t\000i\000o\000n}{section.5.8}% 45
\BOOKMARK [3][-]{subsubsection.5.8.2.1}{\376\377\0005\000.\0008\000.\0002\000.\0001\000\040\000r\000e\000a\000d\000\137\000f\000i\000l\000e\000\050\000\051}{subsection.5.8.2}% 46
\BOOKMARK [3][-]{subsubsection.5.8.2.2}{\376\377\0005\000.\0008\000.\0002\000.\0002\000\040\000w\000r\000i\000t\000e\000\137\000f\000i\000l\000e\000\050\000\051}{subsection.5.8.2}% 47
\BOOKMARK [1][-]{section.5.9}{\376\377\0005\000.\0009\000\040\000f\000i\000l\000e\000\137\000h\000a\000n\000d\000l\000e\000r\000.\000h}{chapter.5}% 48
\BOOKMARK [1][-]{section.5.10}{\376\377\0005\000.\0001\0000\000\040\000h\000u\000f\000f\000m\000a\000n\000.\000c\000p\000p\000\040\000F\000i\000l\000e\000\040\000R\000e\000f\000e\000r\000e\000n\000c\000e}{chapter.5}% 49
\BOOKMARK [2][-]{subsection.5.10.1}{\376\377\0005\000.\0001\0000\000.\0001\000\040\000D\000e\000t\000a\000i\000l\000e\000d\000\040\000D\000e\000s\000c\000r\000i\000p\000t\000i\000o\000n}{section.5.10}% 50
\BOOKMARK [2][-]{subsection.5.10.2}{\376\377\0005\000.\0001\0000\000.\0002\000\040\000F\000u\000n\000c\000t\000i\000o\000n\000\040\000D\000o\000c\000u\000m\000e\000n\000t\000a\000t\000i\000o\000n}{section.5.10}% 51
\BOOKMARK [3][-]{subsubsection.5.10.2.1}{\376\377\0005\000.\0001\0000\000.\0002\000.\0001\000\040\000c\000l\000e\000a\000r\000\137\000t\000r\000e\000e\000\050\000\051}{subsection.5.10.2}% 52
\BOOKMARK [3][-]{subsubsection.5.10.2.2}{\376\377\0005\000.\0001\0000\000.\0002\000.\0002\000\040\000c\000o\000m\000p\000r\000e\000s\000s\000\050\000\051}{subsection.5.10.2}% 53
\BOOKMARK [3][-]{subsubsection.5.10.2.3}{\376\377\0005\000.\0001\0000\000.\0002\000.\0003\000\040\000c\000r\000e\000a\000t\000e\000\137\000t\000r\000e\000e\000\050\000\051}{subsection.5.10.2}% 54
\BOOKMARK [3][-]{subsubsection.5.10.2.4}{\376\377\0005\000.\0001\0000\000.\0002\000.\0004\000\040\000d\000e\000c\000o\000m\000p\000r\000e\000s\000s\000\050\000\051}{subsection.5.10.2}% 55
\BOOKMARK [3][-]{subsubsection.5.10.2.5}{\376\377\0005\000.\0001\0000\000.\0002\000.\0005\000\040\000e\000s\000c\000a\000p\000e\000\137\000c\000h\000a\000r\000\050\000\051}{subsection.5.10.2}% 56
\BOOKMARK [3][-]{subsubsection.5.10.2.6}{\376\377\0005\000.\0001\0000\000.\0002\000.\0006\000\040\000i\000s\000\137\000l\000e\000a\000f\000\050\000\051}{subsection.5.10.2}% 57
\BOOKMARK [3][-]{subsubsection.5.10.2.7}{\376\377\0005\000.\0001\0000\000.\0002\000.\0007\000\040\000r\000e\000b\000u\000i\000l\000d\000\137\000t\000r\000e\000e\000\050\000\051}{subsection.5.10.2}% 58
\BOOKMARK [3][-]{subsubsection.5.10.2.8}{\376\377\0005\000.\0001\0000\000.\0002\000.\0008\000\040\000u\000n\000e\000s\000c\000a\000p\000e\000\137\000c\000h\000a\000r\000\050\000\051}{subsection.5.10.2}% 59
\BOOKMARK [2][-]{subsection.5.10.3}{\376\377\0005\000.\0001\0000\000.\0003\000\040\000V\000a\000r\000i\000a\000b\000l\000e\000\040\000D\000o\000c\000u\000m\000e\000n\000t\000a\000t\000i\000o\000n}{section.5.10}% 60
\BOOKMARK [3][-]{subsubsection.5.10.3.1}{\376\377\0005\000.\0001\0000\000.\0003\000.\0001\000\040\000l\000o\000w\000e\000s\000t\000\137\000f\000r\000e\000q\000u\000e\000n\000c\000y}{subsection.5.10.3}% 61
\BOOKMARK [1][-]{section.5.11}{\376\377\0005\000.\0001\0001\000\040\000h\000u\000f\000f\000m\000a\000n\000.\000h\000\040\000F\000i\000l\000e\000\040\000R\000e\000f\000e\000r\000e\000n\000c\000e}{chapter.5}% 62
\BOOKMARK [2][-]{subsection.5.11.1}{\376\377\0005\000.\0001\0001\000.\0001\000\040\000D\000e\000t\000a\000i\000l\000e\000d\000\040\000D\000e\000s\000c\000r\000i\000p\000t\000i\000o\000n}{section.5.11}% 63
\BOOKMARK [2][-]{subsection.5.11.2}{\376\377\0005\000.\0001\0001\000.\0002\000\040\000F\000u\000n\000c\000t\000i\000o\000n\000\040\000D\000o\000c\000u\000m\000e\000n\000t\000a\000t\000i\000o\000n}{section.5.11}% 64
\BOOKMARK [3][-]{subsubsection.5.11.2.1}{\376\377\0005\000.\0001\0001\000.\0002\000.\0001\000\040\000c\000l\000e\000a\000r\000\137\000t\000r\000e\000e\000\050\000\051}{subsection.5.11.2}% 65
\BOOKMARK [3][-]{subsubsection.5.11.2.2}{\376\377\0005\000.\0001\0001\000.\0002\000.\0002\000\040\000c\000o\000m\000p\000r\000e\000s\000s\000\050\000\051}{subsection.5.11.2}% 66
\BOOKMARK [3][-]{subsubsection.5.11.2.3}{\376\377\0005\000.\0001\0001\000.\0002\000.\0003\000\040\000c\000r\000e\000a\000t\000e\000\137\000t\000r\000e\000e\000\050\000\051}{subsection.5.11.2}% 67
\BOOKMARK [3][-]{subsubsection.5.11.2.4}{\376\377\0005\000.\0001\0001\000.\0002\000.\0004\000\040\000d\000e\000c\000o\000m\000p\000r\000e\000s\000s\000\050\000\051}{subsection.5.11.2}% 68
\BOOKMARK [3][-]{subsubsection.5.11.2.5}{\376\377\0005\000.\0001\0001\000.\0002\000.\0005\000\040\000e\000s\000c\000a\000p\000e\000\137\000c\000h\000a\000r\000\050\000\051}{subsection.5.11.2}% 69
\BOOKMARK [3][-]{subsubsection.5.11.2.6}{\376\377\0005\000.\0001\0001\000.\0002\000.\0006\000\040\000i\000s\000\137\000l\000e\000a\000f\000\050\000\051}{subsection.5.11.2}% 70
\BOOKMARK [3][-]{subsubsection.5.11.2.7}{\376\377\0005\000.\0001\0001\000.\0002\000.\0007\000\040\000r\000e\000b\000u\000i\000l\000d\000\137\000t\000r\000e\000e\000\050\000\051}{subsection.5.11.2}% 71
\BOOKMARK [3][-]{subsubsection.5.11.2.8}{\376\377\0005\000.\0001\0001\000.\0002\000.\0008\000\040\000u\000n\000e\000s\000c\000a\000p\000e\000\137\000c\000h\000a\000r\000\050\000\051}{subsection.5.11.2}% 72
\BOOKMARK [1][-]{section.5.12}{\376\377\0005\000.\0001\0002\000\040\000h\000u\000f\000f\000m\000a\000n\000.\000h}{chapter.5}% 73
\BOOKMARK [1][-]{section.5.13}{\376\377\0005\000.\0001\0003\000\040\000m\000a\000i\000n\000.\000c\000p\000p\000\040\000F\000i\000l\000e\000\040\000R\000e\000f\000e\000r\000e\000n\000c\000e}{chapter.5}% 74
\BOOKMARK [2][-]{subsection.5.13.1}{\376\377\0005\000.\0001\0003\000.\0001\000\040\000D\000e\000t\000a\000i\000l\000e\000d\000\040\000D\000e\000s\000c\000r\000i\000p\000t\000i\000o\000n}{section.5.13}% 75
\BOOKMARK [0][-]{section*.15}{\376\377\000I\000n\000d\000e\000x}{}% 76
